f:\nlp\lua5.3\lua5.3\debug\lua5.3.pdb
f:\nlp\lua5.3\lua5.3\debug\lua5.3.idb
f:\nlp\lua5.3\lua5.3\debug\liolib.obj
f:\nlp\lua5.3\lua5.3\debug\llex.obj
f:\nlp\lua5.3\lua5.3\debug\lmathlib.obj
f:\nlp\lua5.3\lua5.3\debug\lmem.obj
f:\nlp\lua5.3\lua5.3\debug\loadlib.obj
f:\nlp\lua5.3\lua5.3\debug\lobject.obj
f:\nlp\lua5.3\lua5.3\debug\lopcodes.obj
f:\nlp\lua5.3\lua5.3\debug\loslib.obj
f:\nlp\lua5.3\lua5.3\debug\lparser.obj
f:\nlp\lua5.3\lua5.3\debug\lstate.obj
f:\nlp\lua5.3\lua5.3\debug\lstring.obj
f:\nlp\lua5.3\lua5.3\debug\lstrlib.obj
f:\nlp\lua5.3\lua5.3\debug\ltable.obj
f:\nlp\lua5.3\lua5.3\debug\ltablib.obj
f:\nlp\lua5.3\lua5.3\debug\ltm.obj
f:\nlp\lua5.3\lua5.3\debug\lundump.obj
f:\nlp\lua5.3\lua5.3\debug\lutf8lib.obj
f:\nlp\lua5.3\lua5.3\debug\lvm.obj
f:\nlp\lua5.3\lua5.3\debug\lzio.obj
f:\nlp\lua5.3\lua5.3\debug\lapi.obj
f:\nlp\lua5.3\lua5.3\debug\lauxlib.obj
f:\nlp\lua5.3\lua5.3\debug\lbaselib.obj
f:\nlp\lua5.3\lua5.3\debug\lbitlib.obj
f:\nlp\lua5.3\lua5.3\debug\lcode.obj
f:\nlp\lua5.3\lua5.3\debug\lcorolib.obj
f:\nlp\lua5.3\lua5.3\debug\lctype.obj
f:\nlp\lua5.3\lua5.3\debug\ldblib.obj
f:\nlp\lua5.3\lua5.3\debug\ldebug.obj
f:\nlp\lua5.3\lua5.3\debug\ldo.obj
f:\nlp\lua5.3\lua5.3\debug\ldump.obj
f:\nlp\lua5.3\lua5.3\debug\lfunc.obj
f:\nlp\lua5.3\lua5.3\debug\lgc.obj
f:\nlp\lua5.3\lua5.3\debug\lua5.3.tlog\cl.command.1.tlog
f:\nlp\lua5.3\lua5.3\debug\lua5.3.tlog\cl.read.1.tlog
f:\nlp\lua5.3\lua5.3\debug\lua5.3.tlog\cl.write.1.tlog
